<?xml version="1.0" encoding="utf-8"?>
<TestRun id="ed21ce91-9b86-442e-9d78-8eb5afd4db05" name="aawad@DESKTOP-AQ2TIF3 2021-09-14 19:39:14" runUser="DESKTOP-AQ2TIF3\aawad" xmlns="http://microsoft.com/schemas/VisualStudio/TeamTest/2010">
  <Times creation="2021-09-14T19:39:14.5486717-04:00" queuing="2021-09-14T19:39:14.5486722-04:00" start="2021-09-14T19:39:13.8175175-04:00" finish="2021-09-14T19:39:14.5609666-04:00" />
  <TestSettings name="default" id="d5100dc5-9d3d-4161-a8e5-20528868dc24">
    <Deployment runDeploymentRoot="aawad_DESKTOP-AQ2TIF3_2021-09-14_19_39_14" />
  </TestSettings>
  <Results>
    <UnitTestResult executionId="50546b9f-4b8f-4935-88e4-cd16411f4c8b" testId="1ffb697f-1d62-4874-4324-767b2aab8c7b" testName="Test1(&quot;Example 1&quot;,[2, 7, 11, 15],9,[1, 2])" computerName="DESKTOP-AQ2TIF3" duration="00:00:00.0088450" startTime="2021-09-14T19:39:14.0000000-04:00" endTime="2021-09-14T19:39:14.0000000-04:00" testType="13cdc9d9-ddb5-4fa4-a97d-d965ccfc6d4b" outcome="Passed" testListId="8c84fa94-04c1-424b-9868-57a2d4851a1d" relativeResultsDirectory="50546b9f-4b8f-4935-88e4-cd16411f4c8b" />
    <UnitTestResult executionId="6125093a-a080-48bf-898e-ae8d047b05df" testId="3947909e-92b8-1a7e-8b27-9a987721f730" testName="Test1(&quot;Test Case 5&quot;,[5, 25, 75],100,[2, 3])" computerName="DESKTOP-AQ2TIF3" duration="00:00:00.0000250" startTime="2021-09-14T19:39:14.0000000-04:00" endTime="2021-09-14T19:39:14.0000000-04:00" testType="13cdc9d9-ddb5-4fa4-a97d-d965ccfc6d4b" outcome="Passed" testListId="8c84fa94-04c1-424b-9868-57a2d4851a1d" relativeResultsDirectory="6125093a-a080-48bf-898e-ae8d047b05df" />
    <UnitTestResult executionId="b1dc3a4c-f3bf-4c84-b4cf-65b9e053e478" testId="f8c2b575-d108-8728-201e-e3f80b3a9e9b" testName="Test1(&quot;Example 3&quot;,[-1, 0],-1,[1, 2])" computerName="DESKTOP-AQ2TIF3" duration="00:00:00.0000310" startTime="2021-09-14T19:39:14.0000000-04:00" endTime="2021-09-14T19:39:14.0000000-04:00" testType="13cdc9d9-ddb5-4fa4-a97d-d965ccfc6d4b" outcome="Passed" testListId="8c84fa94-04c1-424b-9868-57a2d4851a1d" relativeResultsDirectory="b1dc3a4c-f3bf-4c84-b4cf-65b9e053e478" />
    <UnitTestResult executionId="5dc09b7d-2aa8-4db4-a712-fa9d5db49075" testId="e0b1f955-6d64-ae75-45e9-a50c12caa61b" testName="Test1(&quot;Test Case 17&quot;,[0, 0, 3, 4],0,[1, 2])" computerName="DESKTOP-AQ2TIF3" duration="00:00:00.0218919" startTime="2021-09-14T19:39:14.0000000-04:00" endTime="2021-09-14T19:39:14.0000000-04:00" testType="13cdc9d9-ddb5-4fa4-a97d-d965ccfc6d4b" outcome="Failed" testListId="8c84fa94-04c1-424b-9868-57a2d4851a1d" relativeResultsDirectory="5dc09b7d-2aa8-4db4-a712-fa9d5db49075">
      <Output>
        <ErrorInfo>
          <Message>  Test Case 17&#xD;
  Expected: 1&#xD;
  But was:  2&#xD;
</Message>
          <StackTrace>   at _167_two_sum_2_input_array_sorted.Tests.Test1(String testCaseName, Int32[] numbers, Int32 target, Int32[] expected) in d:\Projects\algo\leetcode\contests\problems\167-two-sum-2-input-array-sorted\UnitTest1.cs:line 25&#xD;
</StackTrace>
        </ErrorInfo>
      </Output>
    </UnitTestResult>
    <UnitTestResult executionId="d8d8276e-717c-4412-b4e9-a222f64d9ed4" testId="95b6f508-ef08-3b58-9f2c-5fb6a6cc174c" testName="Test1(&quot;Example 2&quot;,[2, 3, 4],6,[1, 3])" computerName="DESKTOP-AQ2TIF3" duration="00:00:00.0000550" startTime="2021-09-14T19:39:14.0000000-04:00" endTime="2021-09-14T19:39:14.0000000-04:00" testType="13cdc9d9-ddb5-4fa4-a97d-d965ccfc6d4b" outcome="Passed" testListId="8c84fa94-04c1-424b-9868-57a2d4851a1d" relativeResultsDirectory="d8d8276e-717c-4412-b4e9-a222f64d9ed4" />
  </Results>
  <TestDefinitions>
    <UnitTest name="Test1(&quot;Test Case 5&quot;,[5, 25, 75],100,[2, 3])" storage="d:\projects\algo\leetcode\contests\problems\167-two-sum-2-input-array-sorted\bin\debug\net5.0\167-two-sum-2-input-array-sorted.dll" id="3947909e-92b8-1a7e-8b27-9a987721f730">
      <Execution id="6125093a-a080-48bf-898e-ae8d047b05df" />
      <TestMethod codeBase="D:\Projects\algo\leetcode\contests\problems\167-two-sum-2-input-array-sorted\bin\Debug\net5.0\167-two-sum-2-input-array-sorted.dll" adapterTypeName="executor://nunit3testexecutor/" className="_167_two_sum_2_input_array_sorted.Tests" name="Test1(&quot;Test Case 5&quot;,[5, 25, 75],100,[2, 3])" />
    </UnitTest>
    <UnitTest name="Test1(&quot;Test Case 17&quot;,[0, 0, 3, 4],0,[1, 2])" storage="d:\projects\algo\leetcode\contests\problems\167-two-sum-2-input-array-sorted\bin\debug\net5.0\167-two-sum-2-input-array-sorted.dll" id="e0b1f955-6d64-ae75-45e9-a50c12caa61b">
      <Execution id="5dc09b7d-2aa8-4db4-a712-fa9d5db49075" />
      <TestMethod codeBase="D:\Projects\algo\leetcode\contests\problems\167-two-sum-2-input-array-sorted\bin\Debug\net5.0\167-two-sum-2-input-array-sorted.dll" adapterTypeName="executor://nunit3testexecutor/" className="_167_two_sum_2_input_array_sorted.Tests" name="Test1(&quot;Test Case 17&quot;,[0, 0, 3, 4],0,[1, 2])" />
    </UnitTest>
    <UnitTest name="Test1(&quot;Example 2&quot;,[2, 3, 4],6,[1, 3])" storage="d:\projects\algo\leetcode\contests\problems\167-two-sum-2-input-array-sorted\bin\debug\net5.0\167-two-sum-2-input-array-sorted.dll" id="95b6f508-ef08-3b58-9f2c-5fb6a6cc174c">
      <Execution id="d8d8276e-717c-4412-b4e9-a222f64d9ed4" />
      <TestMethod codeBase="D:\Projects\algo\leetcode\contests\problems\167-two-sum-2-input-array-sorted\bin\Debug\net5.0\167-two-sum-2-input-array-sorted.dll" adapterTypeName="executor://nunit3testexecutor/" className="_167_two_sum_2_input_array_sorted.Tests" name="Test1(&quot;Example 2&quot;,[2, 3, 4],6,[1, 3])" />
    </UnitTest>
    <UnitTest name="Test1(&quot;Example 3&quot;,[-1, 0],-1,[1, 2])" storage="d:\projects\algo\leetcode\contests\problems\167-two-sum-2-input-array-sorted\bin\debug\net5.0\167-two-sum-2-input-array-sorted.dll" id="f8c2b575-d108-8728-201e-e3f80b3a9e9b">
      <Execution id="b1dc3a4c-f3bf-4c84-b4cf-65b9e053e478" />
      <TestMethod codeBase="D:\Projects\algo\leetcode\contests\problems\167-two-sum-2-input-array-sorted\bin\Debug\net5.0\167-two-sum-2-input-array-sorted.dll" adapterTypeName="executor://nunit3testexecutor/" className="_167_two_sum_2_input_array_sorted.Tests" name="Test1(&quot;Example 3&quot;,[-1, 0],-1,[1, 2])" />
    </UnitTest>
    <UnitTest name="Test1(&quot;Example 1&quot;,[2, 7, 11, 15],9,[1, 2])" storage="d:\projects\algo\leetcode\contests\problems\167-two-sum-2-input-array-sorted\bin\debug\net5.0\167-two-sum-2-input-array-sorted.dll" id="1ffb697f-1d62-4874-4324-767b2aab8c7b">
      <Execution id="50546b9f-4b8f-4935-88e4-cd16411f4c8b" />
      <TestMethod codeBase="D:\Projects\algo\leetcode\contests\problems\167-two-sum-2-input-array-sorted\bin\Debug\net5.0\167-two-sum-2-input-array-sorted.dll" adapterTypeName="executor://nunit3testexecutor/" className="_167_two_sum_2_input_array_sorted.Tests" name="Test1(&quot;Example 1&quot;,[2, 7, 11, 15],9,[1, 2])" />
    </UnitTest>
  </TestDefinitions>
  <TestEntries>
    <TestEntry testId="1ffb697f-1d62-4874-4324-767b2aab8c7b" executionId="50546b9f-4b8f-4935-88e4-cd16411f4c8b" testListId="8c84fa94-04c1-424b-9868-57a2d4851a1d" />
    <TestEntry testId="3947909e-92b8-1a7e-8b27-9a987721f730" executionId="6125093a-a080-48bf-898e-ae8d047b05df" testListId="8c84fa94-04c1-424b-9868-57a2d4851a1d" />
    <TestEntry testId="f8c2b575-d108-8728-201e-e3f80b3a9e9b" executionId="b1dc3a4c-f3bf-4c84-b4cf-65b9e053e478" testListId="8c84fa94-04c1-424b-9868-57a2d4851a1d" />
    <TestEntry testId="e0b1f955-6d64-ae75-45e9-a50c12caa61b" executionId="5dc09b7d-2aa8-4db4-a712-fa9d5db49075" testListId="8c84fa94-04c1-424b-9868-57a2d4851a1d" />
    <TestEntry testId="95b6f508-ef08-3b58-9f2c-5fb6a6cc174c" executionId="d8d8276e-717c-4412-b4e9-a222f64d9ed4" testListId="8c84fa94-04c1-424b-9868-57a2d4851a1d" />
  </TestEntries>
  <TestLists>
    <TestList name="Results Not in a List" id="8c84fa94-04c1-424b-9868-57a2d4851a1d" />
    <TestList name="All Loaded Results" id="19431567-8539-422a-85d7-44ee4e166bda" />
  </TestLists>
  <ResultSummary outcome="Failed">
    <Counters total="5" executed="5" passed="4" failed="1" error="0" timeout="0" aborted="0" inconclusive="0" passedButRunAborted="0" notRunnable="0" notExecuted="0" disconnected="0" warning="0" completed="0" inProgress="0" pending="0" />
    <Output>
      <StdOut>NUnit Adapter 3.16.1.0: Test execution started&#xD;
Running all tests in D:\Projects\algo\leetcode\contests\problems\167-two-sum-2-input-array-sorted\bin\Debug\net5.0\167-two-sum-2-input-array-sorted.dll&#xD;
   NUnit3TestExecutor converted 5 of 5 NUnit test cases&#xD;
NUnit Adapter 3.16.1.0: Test execution complete&#xD;
</StdOut>
    </Output>
  </ResultSummary>
</TestRun>